<?xml version="1.0" encoding="UTF-8"?>
<!-- Generated by org.testng.reporters.JUnitReportReporter -->
<testsuite skipped="0" hostname="DESKTOP-BH0V3DF" name="com.wordpress.test.LoginpageTest" tests="4" failures="0" timestamp="25 May 2019 11:52:13 GMT" time="30.854" errors="0">
  <testcase name="validatetitleTest" time="5.875" classname="com.wordpress.test.LoginpageTest"/>
  <testcase name="validateloginTest" time="10.246" classname="com.wordpress.test.LoginpageTest"/>
  <testcase name="validateincorrectloginTest2" time="6.305" classname="com.wordpress.test.LoginpageTest"/>
  <testcase name="validateincorrectloginTest1" time="8.428" classname="com.wordpress.test.LoginpageTest"/>
</testsuite> <!-- com.wordpress.test.LoginpageTest -->
