<?xml version="1.0" encoding="UTF-8"?>
<!-- Generated by org.testng.reporters.JUnitReportReporter -->
<testsuite skipped="0" hostname="DESKTOP-BH0V3DF" name="com.wordpress.test.LoginpageTest" tests="4" failures="0" timestamp="25 May 2019 14:23:01 GMT" time="16.243" errors="0">
  <testcase name="validateincorrectloginTest1" time="3.180" classname="com.wordpress.test.LoginpageTest"/>
  <testcase name="validateincorrectloginTest2" time="2.664" classname="com.wordpress.test.LoginpageTest"/>
  <testcase name="validateloginTest" time="5.162" classname="com.wordpress.test.LoginpageTest"/>
  <testcase name="validatetitleTest" time="5.237" classname="com.wordpress.test.LoginpageTest"/>
</testsuite> <!-- com.wordpress.test.LoginpageTest -->
